{"/home/micqdf/git/website/src/components/Footer.astro": {"path":"/home/micqdf/git/website/src/components/Footer.astro","all":false,"statementMap":{"0":{"start":{"line":1,"column":0},"end":{"line":1,"column":42}},"3":{"start":{"line":4,"column":0},"end":{"line":4,"column":72}}},"s":{"0":1,"3":1},"branchMap":{},"b":{},"fnMap":{},"f":{}}
,"/home/micqdf/git/website/src/components/Header.astro": {"path":"/home/micqdf/git/website/src/components/Header.astro","all":false,"statementMap":{"0":{"start":{"line":1,"column":0},"end":{"line":1,"column":3}},"1":{"start":{"line":2,"column":0},"end":{"line":2,"column":32}},"2":{"start":{"line":3,"column":0},"end":{"line":3,"column":15}},"3":{"start":{"line":4,"column":0},"end":{"line":4,"column":30}},"4":{"start":{"line":5,"column":0},"end":{"line":5,"column":42}},"5":{"start":{"line":6,"column":0},"end":{"line":6,"column":40}},"6":{"start":{"line":7,"column":0},"end":{"line":7,"column":44}},"7":{"start":{"line":8,"column":0},"end":{"line":8,"column":36}},"8":{"start":{"line":9,"column":0},"end":{"line":9,"column":40}},"9":{"start":{"line":10,"column":0},"end":{"line":10,"column":2}},"14":{"start":{"line":15,"column":0},"end":{"line":15,"column":12}},"16":{"start":{"line":17,"column":0},"end":{"line":17,"column":137}},"28":{"start":{"line":29,"column":0},"end":{"line":29,"column":132}},"33":{"start":{"line":34,"column":0},"end":{"line":34,"column":8}}},"s":{"0":1,"1":1,"2":1,"3":1,"4":1,"5":1,"6":1,"7":1,"8":1,"9":1,"14":1,"16":1,"28":1,"33":1},"branchMap":{"0":{"type":"branch","line":1,"loc":{"start":{"line":1,"column":0},"end":{"line":1,"column":3}},"locations":[{"start":{"line":1,"column":0},"end":{"line":1,"column":3}}]},"1":{"type":"branch","line":17,"loc":{"start":{"line":17,"column":17},"end":{"line":17,"column":135}},"locations":[{"start":{"line":17,"column":17},"end":{"line":17,"column":135}}]},"2":{"type":"branch","line":29,"loc":{"start":{"line":29,"column":19},"end":{"line":29,"column":130}},"locations":[{"start":{"line":29,"column":19},"end":{"line":29,"column":130}}]}},"b":{"0":[1],"1":[6],"2":[6]},"fnMap":{},"f":{}}
,"/home/micqdf/git/website/src/components/Logo.astro": {"path":"/home/micqdf/git/website/src/components/Logo.astro","all":false,"statementMap":{"0":{"start":{"line":1,"column":0},"end":{"line":1,"column":93}}},"s":{"0":1},"branchMap":{},"b":{},"fnMap":{},"f":{}}
}
